[19.10.2015 17:00:05] Заполнение таблицы данными ряда...
[19.10.2015 17:00:06] Необходимо загрузить выборку из файла. Выберите файл с выборкой.
[19.10.2015 17:00:06] Открытие входной выборки...
[19.10.2015 17:00:09] Входная выборка успешно открыта!
[19.10.2015 17:00:10] Построение статистического ряда частот...
[19.10.2015 17:00:10] Расчет математических характеристик...
[19.10.2015 17:00:17] Построение интервального статистического ряда частот...
[19.10.2015 17:00:39] Построение статистического ряда частот...
[19.10.2015 17:00:42] Построение интервального статистического ряда частот...
[19.10.2015 17:00:44] Построение статистического ряда частот...
[19.10.2015 17:00:48] Построение интервального статистического ряда частот...
[19.10.2015 17:00:50] Построение статистического ряда частот...
[19.10.2015 17:00:55] Построение интервального статистического ряда частот...
[19.10.2015 17:00:58] Построение статистического ряда частот...
[19.10.2015 17:01:04] Построение интервального статистического ряда частот...
[19.10.2015 17:01:08] Построение статистического ряда частот...
[19.10.2015 17:01:13] Построение интервального статистического ряда частот...
[19.10.2015 17:01:24] Построение статистического ряда частот...
[19.10.2015 17:01:33] Построение интервального статистического ряда частот...
[19.10.2015 17:01:36] Построение статистического ряда частот...
[19.10.2015 17:01:50] Построение интервального статистического ряда частот...
