[18.10.2015 17:00:41] Открытие входной выборки...
[18.10.2015 17:00:42] Входная выборка успешно открыта!
[18.10.2015 17:00:49] Заполнение таблицы данными ряда...
[18.10.2015 17:00:49] Построение статистического ряда частот...
[18.10.2015 17:00:49] Расчет математических характеристик...
[18.10.2015 17:00:52] Построение полигона...
[18.10.2015 17:00:57] Построение гистограммы...
[18.10.2015 17:01:00] Построение функции распределения...
[18.10.2015 17:01:04] Заполнение таблицы данными ряда...
[18.10.2015 17:01:04] Построение статистического ряда частот...
[18.10.2015 17:01:04] Расчет математических характеристик...
[18.10.2015 17:01:12] Построение статистического ряда относительных частот...
[18.10.2015 17:01:17] Построение интервального статистического ряда частот...
[18.10.2015 17:01:20] Построение статистического ряда относительных частот...
[18.10.2015 17:01:24] Построение группированного ряда частот...
[18.10.2015 17:01:26] Заполнение таблицы данными ряда...
[18.10.2015 17:01:26] Построение группированного ряда частот...
[18.10.2015 17:01:26] Расчет математических характеристик...
[18.10.2015 17:01:35] Построение интервального статистического ряда частот...
[18.10.2015 17:01:36] Заполнение таблицы данными ряда...
[18.10.2015 17:01:36] Построение интервального статистического ряда частот...
[18.10.2015 17:01:36] Расчет математических характеристик...
